<?xml version="1.0" encoding="UTF-8"?>
<!-- Generated by org.testng.reporters.JUnitXMLReporter -->
<testsuite hostname="KH170" ignored="3" name="Testcase for Login" tests="3" failures="0" timestamp="21 Dec 2017 12:04:17 GMT" time="0.093" errors="0">
  <testcase name="@BeforeTest setUpPage" time="0.0" classname="com.kony.appiumtests.tests.FrmLoginTest">
    <skipped/>
  </testcase> <!-- @BeforeTest setUpPage -->
  <testcase name="@BeforeTest setUpPage" time="0.0" classname="com.kony.appiumtests.tests.FrmMainTest">
    <skipped/>
  </testcase> <!-- @BeforeTest setUpPage -->
  <testcase name="@BeforeClass navigateTo" time="0.0" classname="com.kony.appiumtests.tests.FrmLoginTest">
    <skipped/>
  </testcase> <!-- @BeforeClass navigateTo -->
  <testcase name="@BeforeMethod beforeMethod" time="0.0" classname="com.kony.appiumtests.tests.FrmLoginTest">
    <skipped/>
  </testcase> <!-- @BeforeMethod beforeMethod -->
  <testcase name="@BeforeClass navigateTo" time="0.0" classname="com.kony.appiumtests.tests.FrmMainTest">
    <skipped/>
  </testcase> <!-- @BeforeClass navigateTo -->
  <testcase name="@BeforeMethod beforeMethod" time="0.0" classname="com.kony.appiumtests.tests.BaseTest">
    <skipped/>
  </testcase> <!-- @BeforeMethod beforeMethod -->
  <testcase name="@BeforeMethod beforeMethod" time="0.0" classname="com.kony.appiumtests.tests.BaseTest">
    <skipped/>
  </testcase> <!-- @BeforeMethod beforeMethod -->
  <testcase name="@AfterTest afterTest" time="0.0" classname="com.kony.appiumtests.tests.BaseTest">
    <skipped/>
  </testcase> <!-- @AfterTest afterTest -->
  <testcase name="testLogin" time="0.0" classname="com.kony.appiumtests.tests.FrmLoginTest">
    <skipped/>
  </testcase> <!-- testLogin -->
  <testcase name="testloginmessage" time="0.0" classname="com.kony.appiumtests.tests.FrmMainTest">
    <skipped/>
  </testcase> <!-- testloginmessage -->
  <testcase name="testlogOut" time="0.0" classname="com.kony.appiumtests.tests.FrmMainTest">
    <skipped/>
  </testcase> <!-- testlogOut -->
  <testcase name="@BeforeSuite beforeSuite" time="0.0" classname="com.kony.appiumtests.tests.BaseTest">
    <ignored/>
  </testcase> <!-- @BeforeSuite beforeSuite -->
  <testcase name="@AfterTest afterTest" time="0.0" classname="com.kony.appiumtests.tests.BaseTest">
    <ignored/>
  </testcase> <!-- @AfterTest afterTest -->
  <testcase name="@AfterSuite tearDownAppium" time="0.0" classname="com.kony.appiumtests.tests.BaseTest">
    <ignored/>
  </testcase> <!-- @AfterSuite tearDownAppium -->
</testsuite> <!-- Testcase for Login -->
